<?xml version="1.0" encoding="UTF-8"?>
<!-- Generated by org.testng.reporters.JUnitReportReporter -->
<testsuite skipped="0" hostname="mokshagnya" name="LoginTest" tests="2" failures="0" timestamp="28 Feb 2019 20:38:20 GMT" time="29.847" errors="0">
  <testcase name="freecrmtitle" time="18.960" classname="LoginTest"/>
  <testcase name="logotest" time="10.887" classname="LoginTest"/>
</testsuite> <!-- LoginTest -->
